[0.122s] DEBUG:colcon:Command line arguments: ['/usr/bin/colcon', 'build', '--packages-select', 'workshop']
[0.122s] DEBUG:colcon:Parsed command line arguments: Namespace(log_base=None, log_level=None, verb_name='build', build_base='build', install_base='install', merge_install=False, symlink_install=False, test_result_base=None, continue_on_error=False, executor='parallel', parallel_workers=6, event_handlers=None, ignore_user_meta=False, metas=['./colcon.meta'], base_paths=['.'], packages_ignore=None, packages_ignore_regex=None, paths=None, packages_up_to=None, packages_up_to_regex=None, packages_above=None, packages_above_and_dependencies=None, packages_above_depth=None, packages_select_by_dep=None, packages_skip_by_dep=None, packages_skip_up_to=None, packages_select_build_failed=False, packages_skip_build_finished=False, packages_select_test_failures=False, packages_skip_test_passed=False, packages_select=['workshop'], packages_skip=None, packages_select_regex=None, packages_skip_regex=None, packages_start=None, packages_end=None, allow_overriding=[], cmake_args=None, cmake_target=None, cmake_target_skip_unavailable=False, cmake_clean_cache=False, cmake_clean_first=False, cmake_force_configure=False, ament_cmake_args=None, catkin_cmake_args=None, catkin_skip_building_tests=False, mixin_files=None, mixin=None, verb_parser=<colcon_mixin.mixin.mixin_argument.MixinArgumentDecorator object at 0x7c2a5892ee90>, verb_extension=<colcon_core.verb.build.BuildVerb object at 0x7c2a58a5eb00>, main=<bound method BuildVerb.main of <colcon_core.verb.build.BuildVerb object at 0x7c2a58a5eb00>>, mixin_verb=('build',))
[0.290s] Level 1:colcon.colcon_core.package_discovery:discover_packages(colcon_meta) check parameters
[0.290s] Level 1:colcon.colcon_core.package_discovery:discover_packages(recursive) check parameters
[0.290s] Level 1:colcon.colcon_core.package_discovery:discover_packages(ignore) check parameters
[0.290s] Level 1:colcon.colcon_core.package_discovery:discover_packages(path) check parameters
[0.290s] Level 1:colcon.colcon_core.package_discovery:discover_packages(colcon_meta) discover
[0.290s] Level 1:colcon.colcon_core.package_discovery:discover_packages(recursive) discover
[0.290s] INFO:colcon.colcon_core.package_discovery:Crawling recursively for packages in '/home/daisy/ros2_ws/src/workshop'
[0.290s] Level 1:colcon.colcon_core.package_identification:_identify(.) by extensions ['ignore', 'ignore_ament_install']
[0.290s] Level 1:colcon.colcon_core.package_identification:_identify(.) by extension 'ignore'
[0.290s] Level 1:colcon.colcon_core.package_identification:_identify(.) by extension 'ignore_ament_install'
[0.291s] Level 1:colcon.colcon_core.package_identification:_identify(.) by extensions ['colcon_pkg']
[0.291s] Level 1:colcon.colcon_core.package_identification:_identify(.) by extension 'colcon_pkg'
[0.291s] Level 1:colcon.colcon_core.package_identification:_identify(.) by extensions ['colcon_meta']
[0.291s] Level 1:colcon.colcon_core.package_identification:_identify(.) by extension 'colcon_meta'
[0.291s] Level 1:colcon.colcon_core.package_identification:_identify(.) by extensions ['ros']
[0.291s] Level 1:colcon.colcon_core.package_identification:_identify(.) by extension 'ros'
[0.303s] DEBUG:colcon.colcon_core.package_identification:Package '.' with type 'ros.ament_python' and name 'workshop'
[0.303s] Level 1:colcon.colcon_core.package_discovery:discover_packages(recursive) using defaults
[0.304s] Level 1:colcon.colcon_core.package_discovery:discover_packages(ignore) discover
[0.304s] Level 1:colcon.colcon_core.package_discovery:discover_packages(ignore) using defaults
[0.304s] Level 1:colcon.colcon_core.package_discovery:discover_packages(path) discover
[0.304s] Level 1:colcon.colcon_core.package_discovery:discover_packages(path) using defaults
[0.336s] Level 1:colcon.colcon_core.package_discovery:discover_packages(prefix_path) check parameters
[0.336s] Level 1:colcon.colcon_core.package_discovery:discover_packages(prefix_path) discover
[0.340s] DEBUG:colcon.colcon_installed_package_information.package_discovery:Found 1 installed packages in /home/daisy/ros2_ws/src/workshop/install
[0.342s] DEBUG:colcon.colcon_installed_package_information.package_discovery:Found 64 installed packages in /home/daisy/ros2_ws/install
[0.345s] DEBUG:colcon.colcon_installed_package_information.package_discovery:Found 399 installed packages in /opt/ros/humble
[0.348s] Level 1:colcon.colcon_core.package_discovery:discover_packages(prefix_path) using defaults
[0.401s] Level 5:colcon.colcon_core.verb:set package 'workshop' build argument 'cmake_args' from command line to 'None'
[0.401s] Level 5:colcon.colcon_core.verb:set package 'workshop' build argument 'cmake_target' from command line to 'None'
[0.401s] Level 5:colcon.colcon_core.verb:set package 'workshop' build argument 'cmake_target_skip_unavailable' from command line to 'False'
[0.401s] Level 5:colcon.colcon_core.verb:set package 'workshop' build argument 'cmake_clean_cache' from command line to 'False'
[0.402s] Level 5:colcon.colcon_core.verb:set package 'workshop' build argument 'cmake_clean_first' from command line to 'False'
[0.402s] Level 5:colcon.colcon_core.verb:set package 'workshop' build argument 'cmake_force_configure' from command line to 'False'
[0.402s] Level 5:colcon.colcon_core.verb:set package 'workshop' build argument 'ament_cmake_args' from command line to 'None'
[0.402s] Level 5:colcon.colcon_core.verb:set package 'workshop' build argument 'catkin_cmake_args' from command line to 'None'
[0.402s] Level 5:colcon.colcon_core.verb:set package 'workshop' build argument 'catkin_skip_building_tests' from command line to 'False'
[0.402s] DEBUG:colcon.colcon_core.verb:Building package 'workshop' with the following arguments: {'ament_cmake_args': None, 'build_base': '/home/daisy/ros2_ws/src/workshop/build/workshop', 'catkin_cmake_args': None, 'catkin_skip_building_tests': False, 'cmake_args': None, 'cmake_clean_cache': False, 'cmake_clean_first': False, 'cmake_force_configure': False, 'cmake_target': None, 'cmake_target_skip_unavailable': False, 'install_base': '/home/daisy/ros2_ws/src/workshop/install/workshop', 'merge_install': False, 'path': '/home/daisy/ros2_ws/src/workshop', 'symlink_install': False, 'test_result_base': None}
[0.402s] INFO:colcon.colcon_core.executor:Executing jobs using 'parallel' executor
[0.403s] DEBUG:colcon.colcon_parallel_executor.executor.parallel:run_until_complete
[0.403s] INFO:colcon.colcon_ros.task.ament_python.build:Building ROS package in '/home/daisy/ros2_ws/src/workshop' with build type 'ament_python'
[0.404s] Level 1:colcon.colcon_core.shell:create_environment_hook('workshop', 'ament_prefix_path')
[0.405s] INFO:colcon.colcon_core.plugin_system:Skipping extension 'colcon_core.shell.bat': Not used on non-Windows systems
[0.406s] INFO:colcon.colcon_core.shell:Creating environment hook '/home/daisy/ros2_ws/src/workshop/install/workshop/share/workshop/hook/ament_prefix_path.ps1'
[0.406s] INFO:colcon.colcon_core.shell:Creating environment descriptor '/home/daisy/ros2_ws/src/workshop/install/workshop/share/workshop/hook/ament_prefix_path.dsv'
[0.407s] INFO:colcon.colcon_core.shell:Creating environment hook '/home/daisy/ros2_ws/src/workshop/install/workshop/share/workshop/hook/ament_prefix_path.sh'
[0.407s] INFO:colcon.colcon_core.shell:Skip shell extension 'powershell' for command environment: Not usable outside of PowerShell
[0.407s] DEBUG:colcon.colcon_core.shell:Skip shell extension 'dsv' for command environment
[0.668s] INFO:colcon.colcon_core.task.python.build:Building Python package in '/home/daisy/ros2_ws/src/workshop'
[0.669s] INFO:colcon.colcon_core.shell:Skip shell extension 'powershell' for command environment: Not usable outside of PowerShell
[0.669s] DEBUG:colcon.colcon_core.shell:Skip shell extension 'dsv' for command environment
[1.028s] DEBUG:colcon.colcon_core.event_handler.log_command:Invoking command in '/home/daisy/ros2_ws/src/workshop': PYTHONPATH=/home/daisy/ros2_ws/src/workshop/build/workshop/prefix_override:/usr/lib/python3/dist-packages/colcon_core/task/python/colcon_distutils_commands:/home/daisy/ros2_ws/src/workshop/install/workshop/lib/python3.10/site-packages:${PYTHONPATH} /usr/bin/python3 -W ignore:setup.py install is deprecated -W ignore:easy_install command is deprecated setup.py egg_info --egg-base build/workshop build --build-base /home/daisy/ros2_ws/src/workshop/build/workshop/build install --record /home/daisy/ros2_ws/src/workshop/build/workshop/install.log --single-version-externally-managed install_data
[1.315s] DEBUG:colcon.colcon_core.event_handler.log_command:Invoked command in '/home/daisy/ros2_ws/src/workshop' returned '0': PYTHONPATH=/home/daisy/ros2_ws/src/workshop/build/workshop/prefix_override:/usr/lib/python3/dist-packages/colcon_core/task/python/colcon_distutils_commands:/home/daisy/ros2_ws/src/workshop/install/workshop/lib/python3.10/site-packages:${PYTHONPATH} /usr/bin/python3 -W ignore:setup.py install is deprecated -W ignore:easy_install command is deprecated setup.py egg_info --egg-base build/workshop build --build-base /home/daisy/ros2_ws/src/workshop/build/workshop/build install --record /home/daisy/ros2_ws/src/workshop/build/workshop/install.log --single-version-externally-managed install_data
[1.317s] Level 1:colcon.colcon_core.environment:checking '/home/daisy/ros2_ws/src/workshop/install/workshop' for CMake module files
[1.317s] Level 1:colcon.colcon_core.environment:checking '/home/daisy/ros2_ws/src/workshop/install/workshop' for CMake config files
[1.318s] Level 1:colcon.colcon_core.environment:checking '/home/daisy/ros2_ws/src/workshop/install/workshop/lib'
[1.318s] Level 1:colcon.colcon_core.environment:checking '/home/daisy/ros2_ws/src/workshop/install/workshop/bin'
[1.318s] Level 1:colcon.colcon_core.environment:checking '/home/daisy/ros2_ws/src/workshop/install/workshop/lib/pkgconfig/workshop.pc'
[1.319s] Level 1:colcon.colcon_core.environment:checking '/home/daisy/ros2_ws/src/workshop/install/workshop/lib/python3.10/site-packages'
[1.319s] Level 1:colcon.colcon_core.shell:create_environment_hook('workshop', 'pythonpath')
[1.319s] INFO:colcon.colcon_core.shell:Creating environment hook '/home/daisy/ros2_ws/src/workshop/install/workshop/share/workshop/hook/pythonpath.ps1'
[1.319s] INFO:colcon.colcon_core.shell:Creating environment descriptor '/home/daisy/ros2_ws/src/workshop/install/workshop/share/workshop/hook/pythonpath.dsv'
[1.320s] INFO:colcon.colcon_core.shell:Creating environment hook '/home/daisy/ros2_ws/src/workshop/install/workshop/share/workshop/hook/pythonpath.sh'
[1.320s] Level 1:colcon.colcon_core.environment:checking '/home/daisy/ros2_ws/src/workshop/install/workshop/bin'
[1.320s] Level 1:colcon.colcon_core.environment:create_environment_scripts_only(workshop)
[1.321s] INFO:colcon.colcon_core.shell:Creating package script '/home/daisy/ros2_ws/src/workshop/install/workshop/share/workshop/package.ps1'
[1.321s] INFO:colcon.colcon_core.shell:Creating package descriptor '/home/daisy/ros2_ws/src/workshop/install/workshop/share/workshop/package.dsv'
[1.322s] INFO:colcon.colcon_core.shell:Creating package script '/home/daisy/ros2_ws/src/workshop/install/workshop/share/workshop/package.sh'
[1.322s] INFO:colcon.colcon_core.shell:Creating package script '/home/daisy/ros2_ws/src/workshop/install/workshop/share/workshop/package.bash'
[1.323s] INFO:colcon.colcon_core.shell:Creating package script '/home/daisy/ros2_ws/src/workshop/install/workshop/share/workshop/package.zsh'
[1.324s] Level 1:colcon.colcon_core.environment:create_file_with_runtime_dependencies(/home/daisy/ros2_ws/src/workshop/install/workshop/share/colcon-core/packages/workshop)
[1.324s] DEBUG:colcon.colcon_parallel_executor.executor.parallel:closing loop
[1.324s] DEBUG:colcon.colcon_parallel_executor.executor.parallel:loop closed
[1.325s] DEBUG:colcon.colcon_parallel_executor.executor.parallel:run_until_complete finished with '0'
[1.325s] DEBUG:colcon.colcon_core.event_reactor:joining thread
[1.330s] INFO:colcon.colcon_core.plugin_system:Skipping extension 'colcon_notification.desktop_notification.terminal_notifier': Not used on non-Darwin systems
[1.330s] INFO:colcon.colcon_core.plugin_system:Skipping extension 'colcon_notification.desktop_notification.win32': Not used on non-Windows systems
[1.330s] INFO:colcon.colcon_notification.desktop_notification:Sending desktop notification using 'notify2'
[1.342s] DEBUG:colcon.colcon_core.event_reactor:joined thread
[1.342s] INFO:colcon.colcon_core.shell:Creating prefix script '/home/daisy/ros2_ws/src/workshop/install/local_setup.ps1'
[1.343s] INFO:colcon.colcon_core.shell:Creating prefix util module '/home/daisy/ros2_ws/src/workshop/install/_local_setup_util_ps1.py'
[1.345s] INFO:colcon.colcon_core.shell:Creating prefix chain script '/home/daisy/ros2_ws/src/workshop/install/setup.ps1'
[1.348s] INFO:colcon.colcon_core.shell:Creating prefix script '/home/daisy/ros2_ws/src/workshop/install/local_setup.sh'
[1.349s] INFO:colcon.colcon_core.shell:Creating prefix util module '/home/daisy/ros2_ws/src/workshop/install/_local_setup_util_sh.py'
[1.349s] INFO:colcon.colcon_core.shell:Creating prefix chain script '/home/daisy/ros2_ws/src/workshop/install/setup.sh'
[1.353s] INFO:colcon.colcon_core.shell:Creating prefix script '/home/daisy/ros2_ws/src/workshop/install/local_setup.bash'
[1.353s] INFO:colcon.colcon_core.shell:Creating prefix chain script '/home/daisy/ros2_ws/src/workshop/install/setup.bash'
[1.357s] INFO:colcon.colcon_core.shell:Creating prefix script '/home/daisy/ros2_ws/src/workshop/install/local_setup.zsh'
[1.357s] INFO:colcon.colcon_core.shell:Creating prefix chain script '/home/daisy/ros2_ws/src/workshop/install/setup.zsh'
