[0.630s] Invoking command in '/home/daisy/ros2_ws/src/workshop': PYTHONPATH=/home/daisy/ros2_ws/src/workshop/build/workshop/prefix_override:/usr/lib/python3/dist-packages/colcon_core/task/python/colcon_distutils_commands:/home/daisy/ros2_ws/src/workshop/install/workshop/lib/python3.10/site-packages:${PYTHONPATH} /usr/bin/python3 -W ignore:setup.py install is deprecated -W ignore:easy_install command is deprecated setup.py egg_info --egg-base build/workshop build --build-base /home/daisy/ros2_ws/src/workshop/build/workshop/build install --record /home/daisy/ros2_ws/src/workshop/build/workshop/install.log --single-version-externally-managed install_data
[0.864s] running egg_info
[0.865s] writing build/workshop/workshop.egg-info/PKG-INFO
[0.865s] writing dependency_links to build/workshop/workshop.egg-info/dependency_links.txt
[0.865s] writing entry points to build/workshop/workshop.egg-info/entry_points.txt
[0.865s] writing requirements to build/workshop/workshop.egg-info/requires.txt
[0.865s] writing top-level names to build/workshop/workshop.egg-info/top_level.txt
[0.867s] reading manifest file 'build/workshop/workshop.egg-info/SOURCES.txt'
[0.867s] writing manifest file 'build/workshop/workshop.egg-info/SOURCES.txt'
[0.867s] running build
[0.867s] running build_py
[0.868s] running install
[0.868s] running install_lib
[0.869s] running install_data
[0.870s] running install_egg_info
[0.871s] removing '/home/daisy/ros2_ws/src/workshop/install/workshop/lib/python3.10/site-packages/workshop-0.0.0-py3.10.egg-info' (and everything under it)
[0.872s] Copying build/workshop/workshop.egg-info to /home/daisy/ros2_ws/src/workshop/install/workshop/lib/python3.10/site-packages/workshop-0.0.0-py3.10.egg-info
[0.873s] running install_scripts
[0.892s] Installing move script to /home/daisy/ros2_ws/src/workshop/install/workshop/lib/workshop
[0.892s] writing list of installed files to '/home/daisy/ros2_ws/src/workshop/build/workshop/install.log'
[0.918s] Invoked command in '/home/daisy/ros2_ws/src/workshop' returned '0': PYTHONPATH=/home/daisy/ros2_ws/src/workshop/build/workshop/prefix_override:/usr/lib/python3/dist-packages/colcon_core/task/python/colcon_distutils_commands:/home/daisy/ros2_ws/src/workshop/install/workshop/lib/python3.10/site-packages:${PYTHONPATH} /usr/bin/python3 -W ignore:setup.py install is deprecated -W ignore:easy_install command is deprecated setup.py egg_info --egg-base build/workshop build --build-base /home/daisy/ros2_ws/src/workshop/build/workshop/build install --record /home/daisy/ros2_ws/src/workshop/build/workshop/install.log --single-version-externally-managed install_data
