[0.624s] Invoking command in '/home/daisy/ros2_ws/src/workshop': PYTHONPATH=/home/daisy/ros2_ws/src/workshop/build/workshop/prefix_override:/usr/lib/python3/dist-packages/colcon_core/task/python/colcon_distutils_commands:/home/daisy/ros2_ws/src/workshop/install/workshop/lib/python3.10/site-packages:${PYTHONPATH} /usr/bin/python3 -W ignore:setup.py install is deprecated -W ignore:easy_install command is deprecated setup.py egg_info --egg-base build/workshop build --build-base /home/daisy/ros2_ws/src/workshop/build/workshop/build install --record /home/daisy/ros2_ws/src/workshop/build/workshop/install.log --single-version-externally-managed install_data
[0.858s] running egg_info
[0.858s] writing build/workshop/workshop.egg-info/PKG-INFO
[0.858s] writing dependency_links to build/workshop/workshop.egg-info/dependency_links.txt
[0.859s] writing entry points to build/workshop/workshop.egg-info/entry_points.txt
[0.859s] writing requirements to build/workshop/workshop.egg-info/requires.txt
[0.859s] writing top-level names to build/workshop/workshop.egg-info/top_level.txt
[0.860s] reading manifest file 'build/workshop/workshop.egg-info/SOURCES.txt'
[0.861s] writing manifest file 'build/workshop/workshop.egg-info/SOURCES.txt'
[0.861s] running build
[0.861s] running build_py
[0.862s] running install
[0.862s] running install_lib
[0.863s] running install_data
[0.863s] copying launch/load_moveit_arm.launch.py -> /home/daisy/ros2_ws/src/workshop/install/workshop/share/workshop/launch
[0.863s] running install_egg_info
[0.865s] removing '/home/daisy/ros2_ws/src/workshop/install/workshop/lib/python3.10/site-packages/workshop-0.0.0-py3.10.egg-info' (and everything under it)
[0.865s] Copying build/workshop/workshop.egg-info to /home/daisy/ros2_ws/src/workshop/install/workshop/lib/python3.10/site-packages/workshop-0.0.0-py3.10.egg-info
[0.866s] running install_scripts
[0.886s] Installing move script to /home/daisy/ros2_ws/src/workshop/install/workshop/lib/workshop
[0.886s] writing list of installed files to '/home/daisy/ros2_ws/src/workshop/build/workshop/install.log'
[0.911s] Invoked command in '/home/daisy/ros2_ws/src/workshop' returned '0': PYTHONPATH=/home/daisy/ros2_ws/src/workshop/build/workshop/prefix_override:/usr/lib/python3/dist-packages/colcon_core/task/python/colcon_distutils_commands:/home/daisy/ros2_ws/src/workshop/install/workshop/lib/python3.10/site-packages:${PYTHONPATH} /usr/bin/python3 -W ignore:setup.py install is deprecated -W ignore:easy_install command is deprecated setup.py egg_info --egg-base build/workshop build --build-base /home/daisy/ros2_ws/src/workshop/build/workshop/build install --record /home/daisy/ros2_ws/src/workshop/build/workshop/install.log --single-version-externally-managed install_data
