[0.631s] Invoking command in '/home/daisy/ros2_ws/src/workshop': PYTHONPATH=/home/daisy/ros2_ws/src/workshop/build/workshop/prefix_override:/usr/lib/python3/dist-packages/colcon_core/task/python/colcon_distutils_commands:/home/daisy/ros2_ws/src/workshop/install/workshop/lib/python3.10/site-packages:${PYTHONPATH} /usr/bin/python3 -W ignore:setup.py install is deprecated -W ignore:easy_install command is deprecated setup.py egg_info --egg-base build/workshop build --build-base /home/daisy/ros2_ws/src/workshop/build/workshop/build install --record /home/daisy/ros2_ws/src/workshop/build/workshop/install.log --single-version-externally-managed install_data
[0.865s] running egg_info
[0.865s] creating build/workshop/workshop.egg-info
[0.866s] writing build/workshop/workshop.egg-info/PKG-INFO
[0.866s] writing dependency_links to build/workshop/workshop.egg-info/dependency_links.txt
[0.866s] writing entry points to build/workshop/workshop.egg-info/entry_points.txt
[0.866s] writing requirements to build/workshop/workshop.egg-info/requires.txt
[0.866s] writing top-level names to build/workshop/workshop.egg-info/top_level.txt
[0.866s] writing manifest file 'build/workshop/workshop.egg-info/SOURCES.txt'
[0.868s] reading manifest file 'build/workshop/workshop.egg-info/SOURCES.txt'
[0.868s] writing manifest file 'build/workshop/workshop.egg-info/SOURCES.txt'
[0.869s] running build
[0.869s] running build_py
[0.869s] creating /home/daisy/ros2_ws/src/workshop/build/workshop/build
[0.869s] creating /home/daisy/ros2_ws/src/workshop/build/workshop/build/lib
[0.869s] creating /home/daisy/ros2_ws/src/workshop/build/workshop/build/lib/workshop
[0.869s] copying workshop/__init__.py -> /home/daisy/ros2_ws/src/workshop/build/workshop/build/lib/workshop
[0.869s] running install
[0.869s] running install_lib
[0.870s] creating /home/daisy/ros2_ws/src/workshop/install/workshop/lib/python3.10/site-packages/workshop
[0.870s] copying /home/daisy/ros2_ws/src/workshop/build/workshop/build/lib/workshop/__init__.py -> /home/daisy/ros2_ws/src/workshop/install/workshop/lib/python3.10/site-packages/workshop
[0.871s] byte-compiling /home/daisy/ros2_ws/src/workshop/install/workshop/lib/python3.10/site-packages/workshop/__init__.py to __init__.cpython-310.pyc
[0.871s] running install_data
[0.871s] creating /home/daisy/ros2_ws/src/workshop/install/workshop/share/ament_index
[0.871s] creating /home/daisy/ros2_ws/src/workshop/install/workshop/share/ament_index/resource_index
[0.871s] creating /home/daisy/ros2_ws/src/workshop/install/workshop/share/ament_index/resource_index/packages
[0.871s] copying resource/workshop -> /home/daisy/ros2_ws/src/workshop/install/workshop/share/ament_index/resource_index/packages
[0.871s] copying package.xml -> /home/daisy/ros2_ws/src/workshop/install/workshop/share/workshop
[0.871s] creating /home/daisy/ros2_ws/src/workshop/install/workshop/share/workshop/launch
[0.872s] copying launch/load_world.launch.py -> /home/daisy/ros2_ws/src/workshop/install/workshop/share/workshop/launch
[0.872s] copying launch/load_moveit_arm.launch.py -> /home/daisy/ros2_ws/src/workshop/install/workshop/share/workshop/launch
[0.872s] copying launch/load_arm.launch.py -> /home/daisy/ros2_ws/src/workshop/install/workshop/share/workshop/launch
[0.872s] copying launch/load_workshop.launch.py -> /home/daisy/ros2_ws/src/workshop/install/workshop/share/workshop/launch
[0.872s] running install_egg_info
[0.874s] Copying build/workshop/workshop.egg-info to /home/daisy/ros2_ws/src/workshop/install/workshop/lib/python3.10/site-packages/workshop-0.0.0-py3.10.egg-info
[0.874s] running install_scripts
[0.894s] Installing move script to /home/daisy/ros2_ws/src/workshop/install/workshop/lib/workshop
[0.894s] writing list of installed files to '/home/daisy/ros2_ws/src/workshop/build/workshop/install.log'
[0.921s] Invoked command in '/home/daisy/ros2_ws/src/workshop' returned '0': PYTHONPATH=/home/daisy/ros2_ws/src/workshop/build/workshop/prefix_override:/usr/lib/python3/dist-packages/colcon_core/task/python/colcon_distutils_commands:/home/daisy/ros2_ws/src/workshop/install/workshop/lib/python3.10/site-packages:${PYTHONPATH} /usr/bin/python3 -W ignore:setup.py install is deprecated -W ignore:easy_install command is deprecated setup.py egg_info --egg-base build/workshop build --build-base /home/daisy/ros2_ws/src/workshop/build/workshop/build install --record /home/daisy/ros2_ws/src/workshop/build/workshop/install.log --single-version-externally-managed install_data
